<?xml version="1.0" encoding="UTF-8"?>
<!-- Generated by org.testng.reporters.JUnitXMLReporter -->
<testsuite hostname="Brian-Coles-MacBook-Pro.local" tests="9" failures="0" timestamp="23 Nov 2011 06:07:15 GMT" time="4.009" errors="0">
  <testcase name="test1" time="1.825" classname="AnnouncementTest"/>
  <testcase name="test1" time="0.44" classname="AnnouncementTest"/>
  <testcase name="test1" time="0.288" classname="AnnouncementTest"/>
  <testcase name="test1" time="0.361" classname="AnnouncementTest"/>
  <testcase name="test1" time="0.368" classname="AnnouncementTest"/>
  <testcase name="test1" time="0.315" classname="AnnouncementTest"/>
  <testcase name="test1" time="0.138" classname="AnnouncementTest"/>
  <testcase name="test1" time="0.063" classname="AnnouncementTest"/>
  <testcase name="test1" time="0.138" classname="AnnouncementTest"/>
</testsuite>
