<?xml version="1.0" encoding="UTF-8" ?>
<testsuite failures="9" time="0.398" errors="0" skipped="0" tests="10" name="TestSuite">
  <properties>
[...]
</properties>
  <testcase time="0.074" classname="au.brian.asx.domain.AnnouncementTest" name="test1">
    <failure message="\Users\briancole\Downloads\41zk1jggm90mmp.pdf (The system cannot find the path specified)" type="java.io.FileNotFoundException">java.io.FileNotFoundException: \Users\briancole\Downloads\41zk1jggm90mmp.pdf (The system cannot find the path specified)
	at java.io.FileInputStream.open(Native Method)
	at java.io.FileInputStream.&lt;init&gt;(FileInputStream.java:138)
	at org.apache.pdfbox.pdmodel.PDDocument.load(PDDocument.java:1125)
	at au.brian.asx.domain.Announcement.parseAnnouncement(Announcement.java:108)
	at au.brian.asx.domain.AnnouncementTest.test1(AnnouncementTest.java:56)
</failure>
    <system-err>SLF4J: Failed to load class &quot;org.slf4j.impl.StaticLoggerBinder&quot;.
SLF4J: Defaulting to no-operation (NOP) logger implementation
SLF4J: See http://www.slf4j.org/codes.html#StaticLoggerBinder for further details.
</system-err>
  </testcase>
  <testcase time="0.014" classname="au.brian.asx.domain.AnnouncementTest" name="test1">
    <failure message="\Users\briancole\Downloads\41zk1mmcbzcrgj.pdf (The system cannot find the path specified)" type="java.io.FileNotFoundException">java.io.FileNotFoundException: \Users\briancole\Downloads\41zk1mmcbzcrgj.pdf (The system cannot find the path specified)
	at java.io.FileInputStream.open(Native Method)
	at java.io.FileInputStream.&lt;init&gt;(FileInputStream.java:138)
	at org.apache.pdfbox.pdmodel.PDDocument.load(PDDocument.java:1125)
	at au.brian.asx.domain.Announcement.parseAnnouncement(Announcement.java:108)
	at au.brian.asx.domain.AnnouncementTest.test1(AnnouncementTest.java:56)
</failure>
  </testcase>
  <testcase time="0" classname="au.brian.asx.domain.AnnouncementTest" name="test1">
    <failure message="\Users\briancole\Downloads\41zsqscksqwlz9.pdf (The system cannot find the path specified)" type="java.io.FileNotFoundException">java.io.FileNotFoundException: \Users\briancole\Downloads\41zsqscksqwlz9.pdf (The system cannot find the path specified)
	at java.io.FileInputStream.open(Native Method)
	at java.io.FileInputStream.&lt;init&gt;(FileInputStream.java:138)
	at org.apache.pdfbox.pdmodel.PDDocument.load(PDDocument.java:1125)
	at au.brian.asx.domain.Announcement.parseAnnouncement(Announcement.java:108)
	at au.brian.asx.domain.AnnouncementTest.test1(AnnouncementTest.java:56)
</failure>
  </testcase>
  <testcase time="0" classname="au.brian.asx.domain.AnnouncementTest" name="test1">
    <failure message="\Users\briancole\Downloads\420jyp71tjwd15.pdf (The system cannot find the path specified)" type="java.io.FileNotFoundException">java.io.FileNotFoundException: \Users\briancole\Downloads\420jyp71tjwd15.pdf (The system cannot find the path specified)
	at java.io.FileInputStream.open(Native Method)
	at java.io.FileInputStream.&lt;init&gt;(FileInputStream.java:138)
	at org.apache.pdfbox.pdmodel.PDDocument.load(PDDocument.java:1125)
	at au.brian.asx.domain.Announcement.parseAnnouncement(Announcement.java:108)
	at au.brian.asx.domain.AnnouncementTest.test1(AnnouncementTest.java:56)
</failure>
  </testcase>
  <testcase time="0" classname="au.brian.asx.domain.AnnouncementTest" name="test1">
    <failure message="\Users\briancole\Downloads\420kvbksx0t768.pdf (The system cannot find the path specified)" type="java.io.FileNotFoundException">java.io.FileNotFoundException: \Users\briancole\Downloads\420kvbksx0t768.pdf (The system cannot find the path specified)
	at java.io.FileInputStream.open(Native Method)
	at java.io.FileInputStream.&lt;init&gt;(FileInputStream.java:138)
	at org.apache.pdfbox.pdmodel.PDDocument.load(PDDocument.java:1125)
	at au.brian.asx.domain.Announcement.parseAnnouncement(Announcement.java:108)
	at au.brian.asx.domain.AnnouncementTest.test1(AnnouncementTest.java:56)
</failure>
  </testcase>
  <testcase time="0" classname="au.brian.asx.domain.AnnouncementTest" name="test1">
    <failure message="\Users\briancole\Downloads\420nqx23dvvsd3.pdf (The system cannot find the path specified)" type="java.io.FileNotFoundException">java.io.FileNotFoundException: \Users\briancole\Downloads\420nqx23dvvsd3.pdf (The system cannot find the path specified)
	at java.io.FileInputStream.open(Native Method)
	at java.io.FileInputStream.&lt;init&gt;(FileInputStream.java:138)
	at org.apache.pdfbox.pdmodel.PDDocument.load(PDDocument.java:1125)
	at au.brian.asx.domain.Announcement.parseAnnouncement(Announcement.java:108)
	at au.brian.asx.domain.AnnouncementTest.test1(AnnouncementTest.java:56)
</failure>
  </testcase>
  <testcase time="0" classname="au.brian.asx.domain.AnnouncementTest" name="test1">
    <failure message="\Users\briancole\Downloads\420nzwthq7kkdb.pdf (The system cannot find the path specified)" type="java.io.FileNotFoundException">java.io.FileNotFoundException: \Users\briancole\Downloads\420nzwthq7kkdb.pdf (The system cannot find the path specified)
	at java.io.FileInputStream.open(Native Method)
	at java.io.FileInputStream.&lt;init&gt;(FileInputStream.java:138)
	at org.apache.pdfbox.pdmodel.PDDocument.load(PDDocument.java:1125)
	at au.brian.asx.domain.Announcement.parseAnnouncement(Announcement.java:108)
	at au.brian.asx.domain.AnnouncementTest.test1(AnnouncementTest.java:56)
</failure>
  </testcase>
  <testcase time="0" classname="au.brian.asx.domain.AnnouncementTest" name="test1">
    <failure message="\Users\briancole\Downloads\4214h9d3gvsl1k.pdf (The system cannot find the path specified)" type="java.io.FileNotFoundException">java.io.FileNotFoundException: \Users\briancole\Downloads\4214h9d3gvsl1k.pdf (The system cannot find the path specified)
	at java.io.FileInputStream.open(Native Method)
	at java.io.FileInputStream.&lt;init&gt;(FileInputStream.java:138)
	at org.apache.pdfbox.pdmodel.PDDocument.load(PDDocument.java:1125)
	at au.brian.asx.domain.Announcement.parseAnnouncement(Announcement.java:108)
	at au.brian.asx.domain.AnnouncementTest.test1(AnnouncementTest.java:56)
</failure>
  </testcase>
  <testcase time="0" classname="au.brian.asx.domain.AnnouncementTest" name="test1">
    <failure message="\Users\briancole\Downloads\4218058x0zvvtp.pdf (The system cannot find the path specified)" type="java.io.FileNotFoundException">java.io.FileNotFoundException: \Users\briancole\Downloads\4218058x0zvvtp.pdf (The system cannot find the path specified)
	at java.io.FileInputStream.open(Native Method)
	at java.io.FileInputStream.&lt;init&gt;(FileInputStream.java:138)
	at org.apache.pdfbox.pdmodel.PDDocument.load(PDDocument.java:1125)
	at au.brian.asx.domain.Announcement.parseAnnouncement(Announcement.java:108)
	at au.brian.asx.domain.AnnouncementTest.test1(AnnouncementTest.java:56)
</failure>
  </testcase>
  <testcase time="0.009" classname="au.brian.asx.domain.ShareEvaluationTest" name="test1"/>
</testsuite>